1633491311387	geckodriver	INFO	Listening on 127.0.0.1:44799
1633491312192	mozrunner::runner	INFO	Running command: "/usr/bin/firefox" "--marionette" "--headless" "-no-remote" "-profile" "/tmp/rust_mozprofileKTqkgh"
*** You are running in headless mode.
[GFX1-]: glxtest: Unable to open a connection to the X server
[GFX1-]: glxtest: libEGL missing
1633491317373	Marionette	INFO	Marionette enabled
[GFX1-]: RenderCompositorSWGL failed mapping default framebuffer, no dt
console.warn: SearchSettings: "get: No settings file exists, new profile?" (new NotFoundError("Could not open the file at /tmp/rust_mozprofileKTqkgh/search.json.mozlz4", (void 0)))
1633491321332	Marionette	INFO	Listening on port 39699
1633491321493	RemoteAgent	WARN	TLS certificate errors will be ignored for this session
1633491438381	geckodriver	INFO	Listening on 127.0.0.1:46983
1633491439386	mozrunner::runner	INFO	Running command: "/usr/bin/firefox" "--marionette" "--headless" "-no-remote" "-profile" "/tmp/rust_mozprofileik98mk"
*** You are running in headless mode.
[GFX1-]: glxtest: Unable to open a connection to the X server
[GFX1-]: glxtest: libEGL missing
1633491440129	Marionette	INFO	Marionette enabled
[GFX1-]: RenderCompositorSWGL failed mapping default framebuffer, no dt
console.warn: SearchSettings: "get: No settings file exists, new profile?" (new NotFoundError("Could not open the file at /tmp/rust_mozprofileik98mk/search.json.mozlz4", (void 0)))
1633491441576	Marionette	INFO	Listening on port 39799
1633491441660	RemoteAgent	WARN	TLS certificate errors will be ignored for this session
1633501205485	geckodriver	INFO	Listening on 127.0.0.1:32801
1633501206292	mozrunner::runner	INFO	Running command: "/usr/bin/firefox" "--marionette" "--headless" "-no-remote" "-profile" "/tmp/rust_mozprofilevTCnDA"
*** You are running in headless mode.
[GFX1-]: glxtest: Unable to open a connection to the X server
[GFX1-]: glxtest: libEGL missing
1633501212912	Marionette	INFO	Marionette enabled
[GFX1-]: RenderCompositorSWGL failed mapping default framebuffer, no dt
console.warn: SearchSettings: "get: No settings file exists, new profile?" (new NotFoundError("Could not open the file at /tmp/rust_mozprofilevTCnDA/search.json.mozlz4", (void 0)))
1633501217152	Marionette	INFO	Listening on port 41863
1633501217280	RemoteAgent	WARN	TLS certificate errors will be ignored for this session
1633511810297	geckodriver	INFO	Listening on 127.0.0.1:41513
1633511811111	mozrunner::runner	INFO	Running command: "/usr/bin/firefox" "--marionette" "--headless" "-no-remote" "-profile" "/tmp/rust_mozprofileMsVjmI"
*** You are running in headless mode.
[GFX1-]: glxtest: Unable to open a connection to the X server
[GFX1-]: glxtest: libEGL missing
1633511817767	Marionette	INFO	Marionette enabled
[GFX1-]: RenderCompositorSWGL failed mapping default framebuffer, no dt
console.warn: SearchSettings: "get: No settings file exists, new profile?" (new NotFoundError("Could not open the file at /tmp/rust_mozprofileMsVjmI/search.json.mozlz4", (void 0)))
1633511822428	Marionette	INFO	Listening on port 37791
1633511822541	RemoteAgent	WARN	TLS certificate errors will be ignored for this session
1633523230889	geckodriver	INFO	Listening on 127.0.0.1:53961
1633523231836	mozrunner::runner	INFO	Running command: "/usr/bin/firefox" "--marionette" "--headless" "-no-remote" "-profile" "/tmp/rust_mozprofileTuciRO"
*** You are running in headless mode.
[GFX1-]: glxtest: Unable to open a connection to the X server
[GFX1-]: glxtest: libEGL missing
1633523234739	Marionette	INFO	Marionette enabled
[GFX1-]: RenderCompositorSWGL failed mapping default framebuffer, no dt
console.warn: SearchSettings: "get: No settings file exists, new profile?" (new NotFoundError("Could not open the file at /tmp/rust_mozprofileTuciRO/search.json.mozlz4", (void 0)))
1633523237592	Marionette	INFO	Listening on port 45641
1633523237700	RemoteAgent	WARN	TLS certificate errors will be ignored for this session
1633533464447	geckodriver	INFO	Listening on 127.0.0.1:50723
1633533465446	mozrunner::runner	INFO	Running command: "/usr/bin/firefox" "--marionette" "--headless" "-no-remote" "-profile" "/tmp/rust_mozprofileNKjByY"
*** You are running in headless mode.
[GFX1-]: glxtest: Unable to open a connection to the X server
[GFX1-]: glxtest: libEGL missing
1633533466376	Marionette	INFO	Marionette enabled
[GFX1-]: RenderCompositorSWGL failed mapping default framebuffer, no dt
console.warn: SearchSettings: "get: No settings file exists, new profile?" (new NotFoundError("Could not open the file at /tmp/rust_mozprofileNKjByY/search.json.mozlz4", (void 0)))
1633533468186	Marionette	INFO	Listening on port 44987
1633533468279	RemoteAgent	WARN	TLS certificate errors will be ignored for this session
1633544376178	geckodriver	INFO	Listening on 127.0.0.1:47289
1633544376836	mozrunner::runner	INFO	Running command: "/usr/bin/firefox" "--marionette" "--headless" "-no-remote" "-profile" "/tmp/rust_mozprofile0EhCD7"
*** You are running in headless mode.
[GFX1-]: glxtest: Unable to open a connection to the X server
[GFX1-]: glxtest: libEGL missing
1633544386967	Marionette	INFO	Marionette enabled
[GFX1-]: RenderCompositorSWGL failed mapping default framebuffer, no dt
console.warn: SearchSettings: "get: No settings file exists, new profile?" (new NotFoundError("Could not open the file at /tmp/rust_mozprofile0EhCD7/search.json.mozlz4", (void 0)))
1633544396222	Marionette	INFO	Listening on port 44859
1633544396520	RemoteAgent	WARN	TLS certificate errors will be ignored for this session
1633554796977	geckodriver	INFO	Listening on 127.0.0.1:54845
1633554797980	mozrunner::runner	INFO	Running command: "/usr/bin/firefox" "--marionette" "--headless" "-no-remote" "-profile" "/tmp/rust_mozprofileVKimDe"
*** You are running in headless mode.
[GFX1-]: glxtest: Unable to open a connection to the X server
[GFX1-]: glxtest: libEGL missing
1633554798790	Marionette	INFO	Marionette enabled
[GFX1-]: RenderCompositorSWGL failed mapping default framebuffer, no dt
console.warn: SearchSettings: "get: No settings file exists, new profile?" (new NotFoundError("Could not open the file at /tmp/rust_mozprofileVKimDe/search.json.mozlz4", (void 0)))
1633554800651	Marionette	INFO	Listening on port 45067
1633554800723	RemoteAgent	WARN	TLS certificate errors will be ignored for this session
1633568376180	geckodriver	INFO	Listening on 127.0.0.1:41905
1633568377115	mozrunner::runner	INFO	Running command: "/usr/bin/firefox" "--marionette" "--headless" "-no-remote" "-profile" "/tmp/rust_mozprofileNsBObf"
*** You are running in headless mode.
[GFX1-]: glxtest: Unable to open a connection to the X server
[GFX1-]: glxtest: libEGL missing
1633568380299	Marionette	INFO	Marionette enabled
[GFX1-]: RenderCompositorSWGL failed mapping default framebuffer, no dt
console.warn: SearchSettings: "get: No settings file exists, new profile?" (new NotFoundError("Could not open the file at /tmp/rust_mozprofileNsBObf/search.json.mozlz4", (void 0)))
1633568383454	Marionette	INFO	Listening on port 38857
1633568383586	RemoteAgent	WARN	TLS certificate errors will be ignored for this session
1633576673801	geckodriver	INFO	Listening on 127.0.0.1:34345
1633576674663	mozrunner::runner	INFO	Running command: "/usr/bin/firefox" "--marionette" "--headless" "-no-remote" "-profile" "/tmp/rust_mozprofileqXHpmI"
*** You are running in headless mode.
[GFX1-]: glxtest: Unable to open a connection to the X server
[GFX1-]: glxtest: libEGL missing
1633576683700	Marionette	INFO	Marionette enabled
[GFX1-]: RenderCompositorSWGL failed mapping default framebuffer, no dt
console.warn: SearchSettings: "get: No settings file exists, new profile?" (new NotFoundError("Could not open the file at /tmp/rust_mozprofileqXHpmI/search.json.mozlz4", (void 0)))
1633576688612	Marionette	INFO	Listening on port 43289
1633576688768	RemoteAgent	WARN	TLS certificate errors will be ignored for this session
1633587603886	geckodriver	INFO	Listening on 127.0.0.1:54161
1633587604800	mozrunner::runner	INFO	Running command: "/usr/bin/firefox" "--marionette" "--headless" "-no-remote" "-profile" "/tmp/rust_mozprofiledkNiqu"
*** You are running in headless mode.
[GFX1-]: glxtest: Unable to open a connection to the X server
[GFX1-]: glxtest: libEGL missing
1633587611412	Marionette	INFO	Marionette enabled
[GFX1-]: RenderCompositorSWGL failed mapping default framebuffer, no dt
console.warn: SearchSettings: "get: No settings file exists, new profile?" (new NotFoundError("Could not open the file at /tmp/rust_mozprofiledkNiqu/search.json.mozlz4", (void 0)))
1633587615267	Marionette	INFO	Listening on port 36949
1633587615400	RemoteAgent	WARN	TLS certificate errors will be ignored for this session
1633598094378	geckodriver	INFO	Listening on 127.0.0.1:45805
1633598095165	mozrunner::runner	INFO	Running command: "/usr/bin/firefox" "--marionette" "--headless" "-no-remote" "-profile" "/tmp/rust_mozprofileJVAqHZ"
*** You are running in headless mode.
[GFX1-]: glxtest: Unable to open a connection to the X server
[GFX1-]: glxtest: libEGL missing
1633598101155	Marionette	INFO	Marionette enabled
[GFX1-]: RenderCompositorSWGL failed mapping default framebuffer, no dt
console.warn: SearchSettings: "get: No settings file exists, new profile?" (new NotFoundError("Could not open the file at /tmp/rust_mozprofileJVAqHZ/search.json.mozlz4", (void 0)))
1633598105592	Marionette	INFO	Listening on port 40603
1633598105867	RemoteAgent	WARN	TLS certificate errors will be ignored for this session
1633609709635	geckodriver	INFO	Listening on 127.0.0.1:37925
1633609710638	mozrunner::runner	INFO	Running command: "/usr/bin/firefox" "--marionette" "--headless" "-no-remote" "-profile" "/tmp/rust_mozprofileVWfy3A"
*** You are running in headless mode.
[GFX1-]: glxtest: Unable to open a connection to the X server
[GFX1-]: glxtest: libEGL missing
1633609711292	Marionette	INFO	Marionette enabled
[GFX1-]: RenderCompositorSWGL failed mapping default framebuffer, no dt
console.warn: SearchSettings: "get: No settings file exists, new profile?" (new NotFoundError("Could not open the file at /tmp/rust_mozprofileVWfy3A/search.json.mozlz4", (void 0)))
1633609712778	Marionette	INFO	Listening on port 33229
1633609712865	RemoteAgent	WARN	TLS certificate errors will be ignored for this session
1633619771402	geckodriver	INFO	Listening on 127.0.0.1:34033
1633619772156	mozrunner::runner	INFO	Running command: "/usr/bin/firefox" "--marionette" "--headless" "-no-remote" "-profile" "/tmp/rust_mozprofilehJXYOH"
*** You are running in headless mode.
[GFX1-]: glxtest: Unable to open a connection to the X server
[GFX1-]: glxtest: libEGL missing
1633619782463	Marionette	INFO	Marionette enabled
[GFX1-]: RenderCompositorSWGL failed mapping default framebuffer, no dt
console.warn: SearchSettings: "get: No settings file exists, new profile?" (new NotFoundError("Could not open the file at /tmp/rust_mozprofilehJXYOH/search.json.mozlz4", (void 0)))
1633619787753	Marionette	INFO	Listening on port 38737
1633619787870	RemoteAgent	WARN	TLS certificate errors will be ignored for this session
